<?xml version="1.0" encoding="UTF-8"?>
<!-- Generated by org.testng.reporters.JUnitXMLReporter -->
<testsuite ignored="0" hostname="DESKTOP-8UST9F6" failures="0" tests="4" name="Default test" time="0.092" errors="0" timestamp="2024-09-05T16:22:28 IST">
  <testcase classname="Codewars.FindingLastElementInArray" name="testArgs" time="0.015"/>
  <testcase classname="Codewars.FindingLastElementInArray" name="testArray" time="0.002"/>
  <testcase classname="Codewars.FindingLastElementInArray" name="testList" time="0.002"/>
  <testcase classname="Codewars.FindingLastElementInArray" name="testString" time="0.003"/>
</testsuite> <!-- Default test -->
