<?xml version="1.0" encoding="UTF-8"?>
<testng-results ignored="0" total="4" passed="4" failed="0" skipped="0">
  <reporter-output>
  </reporter-output>
  <suite started-at="2024-09-05T16:22:28 IST" name="Default suite" finished-at="2024-09-05T16:22:28 IST" duration-ms="92">
    <groups>
    </groups>
    <test started-at="2024-09-05T16:22:28 IST" name="Default test" finished-at="2024-09-05T16:22:28 IST" duration-ms="92">
      <class name="Codewars.FindingLastElementInArray">
        <test-method signature="testArgs()[pri:0, instance:Codewars.FindingLastElementInArray@2f112965]" started-at="2024-09-05T16:22:28 IST" name="testArgs" finished-at="2024-09-05T16:22:28 IST" duration-ms="15" status="PASS">
          <reporter-output>
          </reporter-output>
        </test-method> <!-- testArgs -->
        <test-method signature="testArray()[pri:0, instance:Codewars.FindingLastElementInArray@2f112965]" started-at="2024-09-05T16:22:28 IST" name="testArray" finished-at="2024-09-05T16:22:28 IST" duration-ms="2" status="PASS">
          <reporter-output>
          </reporter-output>
        </test-method> <!-- testArray -->
        <test-method signature="testList()[pri:0, instance:Codewars.FindingLastElementInArray@2f112965]" started-at="2024-09-05T16:22:28 IST" name="testList" finished-at="2024-09-05T16:22:28 IST" duration-ms="2" status="PASS">
          <reporter-output>
          </reporter-output>
        </test-method> <!-- testList -->
        <test-method signature="testString()[pri:0, instance:Codewars.FindingLastElementInArray@2f112965]" started-at="2024-09-05T16:22:28 IST" name="testString" finished-at="2024-09-05T16:22:28 IST" duration-ms="3" status="PASS">
          <reporter-output>
          </reporter-output>
        </test-method> <!-- testString -->
      </class> <!-- Codewars.FindingLastElementInArray -->
    </test> <!-- Default test -->
  </suite> <!-- Default suite -->
</testng-results>
